\BOOKMARK [1][-]{section.1}{Wahrscheinlichkeitsrechnen und Zufallsvariablen Skript S. 129-6}{}% 1
\BOOKMARK [2][-]{subsection.1.1}{Wahrscheinlichkeit Skript S. 128-6.2}{section.1}% 2
\BOOKMARK [2][-]{subsection.1.2}{Zufallsvariablen Skript S. 131-6.3}{section.1}% 3
\BOOKMARK [2][-]{subsection.1.3}{Zweidimensionale Zufallsvariablen Skript S. 133-6.4}{section.1}% 4
\BOOKMARK [2][-]{subsection.1.4}{Funktionen von Zufallsvariablen Skript S. 135-6.5}{section.1}% 5
\BOOKMARK [2][-]{subsection.1.5}{Statistische Mittelwerte Skript S. 137-6.6}{section.1}% 6
\BOOKMARK [2][-]{subsection.1.6}{Spezielle WSK-Verteilungen Skript S. 138-6.7}{section.1}% 7
\BOOKMARK [1][-]{section.2}{Zufallsprozesse S165-7}{}% 8
\BOOKMARK [2][-]{subsection.2.1}{Statistische Mittelwerte \(Scharmittel\) Skript S. 166-7.3.B}{section.2}% 9
\BOOKMARK [2][-]{subsection.2.2}{Zeitliche Mittelwerte \(Zeitmittel\) Skript S. 168-7.3.D}{section.2}% 10
\BOOKMARK [2][-]{subsection.2.3}{Stationarit\344t Skript S. 167-7.3.C}{section.2}% 11
\BOOKMARK [2][-]{subsection.2.4}{Ergodizit\344t Skript S. 168-7.3.D}{section.2}% 12
\BOOKMARK [2][-]{subsection.2.5}{Vergleich Station\344r - Ergodisch}{section.2}% 13
\BOOKMARK [2][-]{subsection.2.6}{Korrelationen und Leistungsspektren Skript S. 169-7.4}{section.2}% 14
\BOOKMARK [2][-]{subsection.2.7}{\334bertragung von Zufallsprozessen durch LTI-Systeme Skript S. 171-7.5}{section.2}% 15
\BOOKMARK [2][-]{subsection.2.8}{Spezielle Zufallsprozesse Skript S. 172-7.6}{section.2}% 16
\BOOKMARK [1][-]{section.3}{Rauschen in analogen Kommunikationssystemen S202-8}{}% 17
\BOOKMARK [2][-]{subsection.3.1}{Basisband Skript S. 203-8.3}{section.3}% 18
\BOOKMARK [2][-]{subsection.3.2}{Amplitudenmodulation Skript S. 204-8.4}{section.3}% 19
\BOOKMARK [2][-]{subsection.3.3}{Winkelmodulation Skript S. 208-8.5}{section.3}% 20
\BOOKMARK [2][-]{subsection.3.4}{Zusammenfassende Tabelle \(Freundlicherweise zur Verf\374gung gestellt von Herrn T. Kneubuehler\)}{section.3}% 21
\BOOKMARK [1][-]{section.4}{Optimaler Detektor - Rauschen in digitalen Kommunikationssys. S227-9}{}% 22
\BOOKMARK [2][-]{subsection.4.1}{Bin\344res \334bertragungssystem Skript S. 226-9.2}{section.4}% 23
\BOOKMARK [2][-]{subsection.4.2}{Optimaler Detektor}{section.4}% 24
\BOOKMARK [2][-]{subsection.4.3}{Lineares Filter}{section.4}% 25
\BOOKMARK [2][-]{subsection.4.4}{Fehlerwahrscheinlichkeit verschiedener bin\344ren \334bertragungen Skript S. 231-9.5}{section.4}% 26
\BOOKMARK [1][-]{section.5}{Informationstheorie und Quellencodierung S245-10}{}% 27
\BOOKMARK [2][-]{subsection.5.1}{DMS - Discrete Memoryless Source}{section.5}% 28
\BOOKMARK [2][-]{subsection.5.2}{DMC - Discrete Memoryless Channels Skript S. 247-10.3}{section.5}% 29
\BOOKMARK [2][-]{subsection.5.3}{Kanalkapazit\344t Skript S. 251-10.5}{section.5}% 30
\BOOKMARK [2][-]{subsection.5.4}{Quellencodierung Skript S. 253-10.7}{section.5}% 31
\BOOKMARK [2][-]{subsection.5.5}{Entropie Codierung Skript S. 255-10.8}{section.5}% 32
\BOOKMARK [1][-]{section.6}{Kanalcodierung S282-11}{}% 33
\BOOKMARK [2][-]{subsection.6.1}{Kanalkodierungstheorem - Shannon S282-11.2B}{section.6}% 34
\BOOKMARK [2][-]{subsection.6.2}{Systematische Codes}{section.6}% 35
\BOOKMARK [2][-]{subsection.6.3}{Blockcodes}{section.6}% 36
\BOOKMARK [2][-]{subsection.6.4}{Lineare Blockcodes S283-11.4}{section.6}% 37
\BOOKMARK [2][-]{subsection.6.5}{Zyklische Blockcodes S286-11.5}{section.6}% 38
\BOOKMARK [2][-]{subsection.6.6}{Faltungscodes S290-11.6}{section.6}% 39
\BOOKMARK [1][-]{section.7}{\334bungsverzeichnis}{}% 40
\BOOKMARK [2][-]{subsection.7.1}{Wahrscheinlichkeitsrechnen und Zufallsvariablen}{section.7}% 41
\BOOKMARK [2][-]{subsection.7.2}{Zufallsprozesse}{section.7}% 42
\BOOKMARK [2][-]{subsection.7.3}{Rauschen in analogen Kommunikationssystemen}{section.7}% 43
\BOOKMARK [2][-]{subsection.7.4}{Optimaler Detektor - Rauschen in digitalen Kommunikationssystemen}{section.7}% 44
\BOOKMARK [2][-]{subsection.7.5}{Informationstheorie und Quellencodierung}{section.7}% 45
\BOOKMARK [2][-]{subsection.7.6}{Kanalcodierung}{section.7}% 46
\BOOKMARK [2][-]{subsection.7.7}{Sonstiges}{section.7}% 47
